<?xml version="1.0" encoding="UTF-8" ?>
<testsuite tests="2" failures="1" name="org.smurve.hsr2014.security.ContractServiceSecurityTest" time="4.42" errors="0" skipped="0">
  <properties>
[...]
</properties>
  <testcase classname="org.smurve.hsr2014.security.ContractServiceSecurityTest" name="very_cheap_trick_to_make_maven_succeed_without_a_runnable_test" time="3.483"/>
  <testcase classname="org.smurve.hsr2014.security.ContractServiceSecurityTest" name="test_post_filter_on_tenant" time="0.556">
    <failure message="This contract shouldn&apos;t be visible here" type="junit.framework.AssertionFailedError">junit.framework.AssertionFailedError: This contract shouldn&apos;t be visible here
	at junit.framework.Assert.fail(Assert.java:47)
	at junit.framework.Assert.assertTrue(Assert.java:20)
	at junit.framework.Assert.assertNull(Assert.java:233)
	at org.smurve.hsr2014.security.ContractServiceSecurityTest.the_database_should_not_show(ContractServiceSecurityTest.java:99)
	at org.smurve.hsr2014.security.ContractServiceSecurityTest.test_post_filter_on_tenant(ContractServiceSecurityTest.java:78)
	at sun.reflect.NativeMethodAccessorImpl.invoke0(Native Method)
	at sun.reflect.NativeMethodAccessorImpl.invoke(NativeMethodAccessorImpl.java:62)
	at sun.reflect.DelegatingMethodAccessorImpl.invoke(DelegatingMethodAccessorImpl.java:43)
	at java.lang.reflect.Method.invoke(Method.java:483)
	at org.junit.runners.model.FrameworkMethod$1.runReflectiveCall(FrameworkMethod.java:44)
	at org.junit.internal.runners.model.ReflectiveCallable.run(ReflectiveCallable.java:15)
	at org.junit.runners.model.FrameworkMethod.invokeExplosively(FrameworkMethod.java:41)
	at org.junit.internal.runners.statements.InvokeMethod.evaluate(InvokeMethod.java:20)
	at org.junit.internal.runners.statements.RunBefores.evaluate(RunBefores.java:28)
	at org.springframework.test.context.junit4.statements.RunBeforeTestMethodCallbacks.evaluate(RunBeforeTestMethodCallbacks.java:74)
	at org.springframework.test.context.junit4.statements.RunAfterTestMethodCallbacks.evaluate(RunAfterTestMethodCallbacks.java:83)
	at org.springframework.test.context.junit4.statements.SpringRepeat.evaluate(SpringRepeat.java:72)
	at org.springframework.test.context.junit4.SpringJUnit4ClassRunner.runChild(SpringJUnit4ClassRunner.java:232)
	at org.springframework.test.context.junit4.SpringJUnit4ClassRunner.runChild(SpringJUnit4ClassRunner.java:89)
	at org.junit.runners.ParentRunner$3.run(ParentRunner.java:193)
	at org.junit.runners.ParentRunner$1.schedule(ParentRunner.java:52)
	at org.junit.runners.ParentRunner.runChildren(ParentRunner.java:191)
	at org.junit.runners.ParentRunner.access$000(ParentRunner.java:42)
	at org.junit.runners.ParentRunner$2.evaluate(ParentRunner.java:184)
	at org.springframework.test.context.junit4.statements.RunBeforeTestClassCallbacks.evaluate(RunBeforeTestClassCallbacks.java:61)
	at org.springframework.test.context.junit4.statements.RunAfterTestClassCallbacks.evaluate(RunAfterTestClassCallbacks.java:71)
	at org.junit.runners.ParentRunner.run(ParentRunner.java:236)
	at org.springframework.test.context.junit4.SpringJUnit4ClassRunner.run(SpringJUnit4ClassRunner.java:175)
	at org.apache.maven.surefire.junit4.JUnit4TestSet.execute(JUnit4TestSet.java:53)
	at org.apache.maven.surefire.junit4.JUnit4Provider.executeTestSet(JUnit4Provider.java:123)
	at org.apache.maven.surefire.junit4.JUnit4Provider.invoke(JUnit4Provider.java:104)
	at sun.reflect.NativeMethodAccessorImpl.invoke0(Native Method)
	at sun.reflect.NativeMethodAccessorImpl.invoke(NativeMethodAccessorImpl.java:62)
	at sun.reflect.DelegatingMethodAccessorImpl.invoke(DelegatingMethodAccessorImpl.java:43)
	at java.lang.reflect.Method.invoke(Method.java:483)
	at org.apache.maven.surefire.util.ReflectionUtils.invokeMethodWithArray(ReflectionUtils.java:164)
	at org.apache.maven.surefire.booter.ProviderFactory$ProviderProxy.invoke(ProviderFactory.java:110)
	at org.apache.maven.surefire.booter.SurefireStarter.invokeProvider(SurefireStarter.java:175)
	at org.apache.maven.surefire.booter.SurefireStarter.runSuitesInProcessWhenForked(SurefireStarter.java:107)
	at org.apache.maven.surefire.booter.ForkedBooter.main(ForkedBooter.java:68)
</failure>
    <system-out>10:26:57.215 DEBUG o.s.h.s.RestrictionBasedMethodPermissionEvaluator - evaluating permissions for harry, org.smurve.hsr2014.domain.Contract@2262d6d5, read
10:26:57.215 INFO  o.s.h.s.ResourceAccessControlService - Getting Roles for org.smurve.hsr2014.domain.Contract and method read
10:26:57.224 DEBUG o.s.h.s.RestrictionBasedMethodPermissionEvaluator - evaluating permissions for harry, org.smurve.hsr2014.domain.Contract@40de8f93, read
10:26:57.224 INFO  o.s.h.s.ResourceAccessControlService - Getting Roles for org.smurve.hsr2014.domain.Contract and method read
</system-out>
  </testcase>
</testsuite>